2025-06-12 21:04:49.974 [restartedMain] INFO  priv.jesse.mall.MallApplication - Starting MallApplication on DESKTOP-0BJM6O4 with PID 50468 (D:\DaNei\TEST\mall-master\target\classes started by Administrator in D:\DaNei\TEST\mall-master)
2025-06-12 21:04:49.982 [restartedMain] DEBUG priv.jesse.mall.MallApplication - Running with Spring Boot v1.5.8.RELEASE, Spring v4.3.12.RELEASE
2025-06-12 21:04:49.982 [restartedMain] INFO  priv.jesse.mall.MallApplication - No active profile set, falling back to default profiles: default
2025-06-12 21:04:50.153 [background-preinit] INFO  org.hibernate.validator.internal.util.Version - HV000001: Hibernate Validator 5.3.5.Final
2025-06-12 21:04:52.950 [restartedMain] INFO  org.apache.catalina.core.StandardService - Starting service [Tomcat]
2025-06-12 21:04:52.951 [restartedMain] INFO  org.apache.catalina.core.StandardEngine - Starting Servlet Engine: Apache Tomcat/8.5.23
2025-06-12 21:04:53.057 [localhost-startStop-1] INFO  org.apache.catalina.core.ContainerBase.[Tomcat].[localhost].[/mall] - Initializing Spring embedded WebApplicationContext
2025-06-12 21:04:54.286 [restartedMain] INFO  org.hibernate.jpa.internal.util.LogHelper - HHH000204: Processing PersistenceUnitInfo [
	name: default
	...]
2025-06-12 21:04:54.367 [restartedMain] INFO  org.hibernate.Version - HHH000412: Hibernate Core {5.0.12.Final}
2025-06-12 21:04:54.368 [restartedMain] INFO  org.hibernate.cfg.Environment - HHH000206: hibernate.properties not found
2025-06-12 21:04:54.369 [restartedMain] INFO  org.hibernate.cfg.Environment - HHH000021: Bytecode provider name : javassist
2025-06-12 21:04:54.411 [restartedMain] INFO  org.hibernate.annotations.common.Version - HCANN000001: Hibernate Commons Annotations {5.0.1.Final}
2025-06-12 21:04:58.125 [restartedMain] INFO  com.alibaba.druid.pool.DruidDataSource - {dataSource-1} inited
2025-06-12 21:04:58.134 [restartedMain] INFO  org.hibernate.dialect.Dialect - HHH000400: Using dialect: org.hibernate.dialect.MySQL5Dialect
2025-06-12 21:04:58.499 [restartedMain] INFO  org.hibernate.tool.hbm2ddl.SchemaUpdate - HHH000228: Running hbm2ddl schema update
2025-06-12 21:04:59.128 [restartedMain] INFO  org.hibernate.hql.internal.QueryTranslatorFactoryInitiator - HHH000397: Using ASTQueryTranslatorFactory
2025-06-12 21:05:00.319 [restartedMain] INFO  org.apache.coyote.http11.Http11NioProtocol - Initializing ProtocolHandler ["http-nio-8099"]
2025-06-12 21:05:00.325 [restartedMain] INFO  org.apache.coyote.http11.Http11NioProtocol - Starting ProtocolHandler ["http-nio-8099"]
2025-06-12 21:05:00.334 [restartedMain] INFO  org.apache.tomcat.util.net.NioSelectorPool - Using a shared selector for servlet write/read
2025-06-12 21:05:00.352 [restartedMain] INFO  priv.jesse.mall.MallApplication - Started MallApplication in 10.685 seconds (JVM running for 15.225)
2025-06-12 21:05:10.337 [http-nio-8099-exec-1] INFO  org.apache.catalina.core.ContainerBase.[Tomcat].[localhost].[/mall] - Initializing Spring FrameworkServlet 'dispatcherServlet'
2025-06-12 21:05:10.394 [http-nio-8099-exec-1] DEBUG priv.jesse.mall.filter.AuthorizationFilter - Request URL: http://localhost:8099/mall/
2025-06-12 21:05:10.394 [http-nio-8099-exec-1] DEBUG priv.jesse.mall.filter.AuthorizationFilter - Allowing static resource: http://localhost:8099/mall/
2025-06-12 21:05:10.444 [http-nio-8099-exec-1] INFO  org.thymeleaf.TemplateEngine - [THYMELEAF] INITIALIZING TEMPLATE ENGINE
2025-06-12 21:05:10.493 [http-nio-8099-exec-1] INFO  org.thymeleaf.templateresolver.AbstractTemplateResolver - [THYMELEAF] INITIALIZING TEMPLATE RESOLVER: org.thymeleaf.spring4.templateresolver.SpringResourceTemplateResolver
2025-06-12 21:05:10.493 [http-nio-8099-exec-1] INFO  org.thymeleaf.templateresolver.AbstractTemplateResolver - [THYMELEAF] TEMPLATE RESOLVER INITIALIZED OK
2025-06-12 21:05:10.493 [http-nio-8099-exec-1] INFO  org.thymeleaf.messageresolver.AbstractMessageResolver - [THYMELEAF] INITIALIZING MESSAGE RESOLVER: org.thymeleaf.spring4.messageresolver.SpringMessageResolver
2025-06-12 21:05:10.493 [http-nio-8099-exec-1] INFO  org.thymeleaf.messageresolver.AbstractMessageResolver - [THYMELEAF] MESSAGE RESOLVER INITIALIZED OK
2025-06-12 21:05:10.496 [http-nio-8099-exec-1] INFO  org.thymeleaf.TemplateEngine.CONFIG - [THYMELEAF] TEMPLATE ENGINE CONFIGURATION:
[THYMELEAF] * Cache Factory implementation: org.thymeleaf.cache.StandardCacheManager
[THYMELEAF] * Template modes:
[THYMELEAF]     * XHTML
[THYMELEAF]     * VALIDXHTML
[THYMELEAF]     * HTML5
[THYMELEAF]     * XML
[THYMELEAF]     * VALIDXML
[THYMELEAF]     * LEGACYHTML5
[THYMELEAF] * Template resolvers (in order):
[THYMELEAF]     * org.thymeleaf.spring4.templateresolver.SpringResourceTemplateResolver
[THYMELEAF] * Message resolvers (in order):
[THYMELEAF]     * org.thymeleaf.spring4.messageresolver.SpringMessageResolver
[THYMELEAF] * Dialect: org.thymeleaf.spring4.dialect.SpringStandardDialect
[THYMELEAF]     * Prefix: "th"
[THYMELEAF] TEMPLATE ENGINE CONFIGURED OK
2025-06-12 21:05:10.496 [http-nio-8099-exec-1] INFO  org.thymeleaf.TemplateEngine - [THYMELEAF] TEMPLATE ENGINE INITIALIZED
2025-06-12 21:05:10.955 [http-nio-8099-exec-4] DEBUG priv.jesse.mall.filter.AuthorizationFilter - Request URL: http://localhost:8099/mall/layui/css/layui.css
2025-06-12 21:05:10.955 [http-nio-8099-exec-4] DEBUG priv.jesse.mall.filter.AuthorizationFilter - Allowing static resource: http://localhost:8099/mall/layui/css/layui.css
2025-06-12 21:05:10.959 [http-nio-8099-exec-6] DEBUG priv.jesse.mall.filter.AuthorizationFilter - Request URL: http://localhost:8099/mall/css/font-awesome.min.css
2025-06-12 21:05:10.960 [http-nio-8099-exec-8] DEBUG priv.jesse.mall.filter.AuthorizationFilter - Request URL: http://localhost:8099/mall/css/common.css
2025-06-12 21:05:10.960 [http-nio-8099-exec-6] DEBUG priv.jesse.mall.filter.AuthorizationFilter - Allowing static resource: http://localhost:8099/mall/css/font-awesome.min.css
2025-06-12 21:05:10.960 [http-nio-8099-exec-8] DEBUG priv.jesse.mall.filter.AuthorizationFilter - Allowing static resource: http://localhost:8099/mall/css/common.css
2025-06-12 21:05:10.961 [http-nio-8099-exec-3] DEBUG priv.jesse.mall.filter.AuthorizationFilter - Request URL: http://localhost:8099/mall/layui/jquery-3.2.1.min.js
2025-06-12 21:05:10.961 [http-nio-8099-exec-5] DEBUG priv.jesse.mall.filter.AuthorizationFilter - Request URL: http://localhost:8099/mall/layui/layui.js
2025-06-12 21:05:10.961 [http-nio-8099-exec-3] DEBUG priv.jesse.mall.filter.AuthorizationFilter - Allowing static resource: http://localhost:8099/mall/layui/jquery-3.2.1.min.js
2025-06-12 21:05:10.961 [http-nio-8099-exec-5] DEBUG priv.jesse.mall.filter.AuthorizationFilter - Allowing static resource: http://localhost:8099/mall/layui/layui.js
2025-06-12 21:05:11.029 [http-nio-8099-exec-7] DEBUG priv.jesse.mall.filter.AuthorizationFilter - Request URL: http://localhost:8099/mall/image/logo.png
2025-06-12 21:05:11.029 [http-nio-8099-exec-7] DEBUG priv.jesse.mall.filter.AuthorizationFilter - Allowing static resource: http://localhost:8099/mall/image/logo.png
2025-06-12 21:05:11.062 [http-nio-8099-exec-9] DEBUG priv.jesse.mall.filter.AuthorizationFilter - Request URL: http://localhost:8099/mall/admin/classification/list.do
2025-06-12 21:05:11.062 [http-nio-8099-exec-2] DEBUG priv.jesse.mall.filter.AuthorizationFilter - Request URL: http://localhost:8099/mall/layui/lay/modules/layer.js
2025-06-12 21:05:11.063 [http-nio-8099-exec-9] DEBUG priv.jesse.mall.filter.AuthorizationFilter - Allowing public endpoint: http://localhost:8099/mall/admin/classification/list.do
2025-06-12 21:05:11.063 [http-nio-8099-exec-2] DEBUG priv.jesse.mall.filter.AuthorizationFilter - Allowing static resource: http://localhost:8099/mall/layui/lay/modules/layer.js
2025-06-12 21:05:11.072 [http-nio-8099-exec-10] DEBUG priv.jesse.mall.filter.AuthorizationFilter - Request URL: http://localhost:8099/mall/fonts/fontawesome-webfont.woff2
2025-06-12 21:05:11.073 [http-nio-8099-exec-10] DEBUG priv.jesse.mall.filter.AuthorizationFilter - Allowing static resource: http://localhost:8099/mall/fonts/fontawesome-webfont.woff2
2025-06-12 21:05:11.107 [http-nio-8099-exec-1] DEBUG priv.jesse.mall.filter.AuthorizationFilter - Request URL: http://localhost:8099/mall/layui/css/modules/layer/default/layer.css
2025-06-12 21:05:11.107 [http-nio-8099-exec-1] DEBUG priv.jesse.mall.filter.AuthorizationFilter - Allowing static resource: http://localhost:8099/mall/layui/css/modules/layer/default/layer.css
2025-06-12 21:05:11.109 [http-nio-8099-exec-5] DEBUG priv.jesse.mall.filter.AuthorizationFilter - Request URL: http://localhost:8099/mall/layui/lay/modules/element.js
2025-06-12 21:05:11.110 [http-nio-8099-exec-5] DEBUG priv.jesse.mall.filter.AuthorizationFilter - Allowing static resource: http://localhost:8099/mall/layui/lay/modules/element.js
2025-06-12 21:05:11.142 [http-nio-8099-exec-6] DEBUG priv.jesse.mall.filter.AuthorizationFilter - Request URL: http://localhost:8099/mall/product/hot.do
2025-06-12 21:05:11.143 [http-nio-8099-exec-6] DEBUG priv.jesse.mall.filter.AuthorizationFilter - Allowing public endpoint: http://localhost:8099/mall/product/hot.do
2025-06-12 21:05:11.144 [http-nio-8099-exec-3] DEBUG priv.jesse.mall.filter.AuthorizationFilter - Request URL: http://localhost:8099/mall/product/new.do
2025-06-12 21:05:11.145 [http-nio-8099-exec-3] DEBUG priv.jesse.mall.filter.AuthorizationFilter - Allowing public endpoint: http://localhost:8099/mall/product/new.do
2025-06-12 21:05:11.336 [http-nio-8099-exec-4] DEBUG priv.jesse.mall.filter.AuthorizationFilter - Request URL: http://localhost:8099/mall/admin/product/img/CD485B2BBA9D84B67B968774CC9AD9.png
2025-06-12 21:05:11.336 [http-nio-8099-exec-7] DEBUG priv.jesse.mall.filter.AuthorizationFilter - Request URL: http://localhost:8099/mall/admin/product/img/FC021339333B87F2899DC640822329.png
2025-06-12 21:05:11.336 [http-nio-8099-exec-8] DEBUG priv.jesse.mall.filter.AuthorizationFilter - Request URL: http://localhost:8099/mall/admin/product/img/EAE77304321D3B291FB04416251EE7.png
2025-06-12 21:05:11.336 [http-nio-8099-exec-4] DEBUG priv.jesse.mall.filter.AuthorizationFilter - Allowing public endpoint: http://localhost:8099/mall/admin/product/img/CD485B2BBA9D84B67B968774CC9AD9.png
2025-06-12 21:05:11.336 [http-nio-8099-exec-7] DEBUG priv.jesse.mall.filter.AuthorizationFilter - Allowing public endpoint: http://localhost:8099/mall/admin/product/img/FC021339333B87F2899DC640822329.png
2025-06-12 21:05:11.336 [http-nio-8099-exec-8] DEBUG priv.jesse.mall.filter.AuthorizationFilter - Allowing public endpoint: http://localhost:8099/mall/admin/product/img/EAE77304321D3B291FB04416251EE7.png
2025-06-12 21:05:15.551 [http-nio-8099-exec-5] DEBUG priv.jesse.mall.filter.AuthorizationFilter - Request URL: http://localhost:8099/mall/index.html
2025-06-12 21:05:15.551 [http-nio-8099-exec-5] DEBUG priv.jesse.mall.filter.AuthorizationFilter - Allowing public endpoint: http://localhost:8099/mall/index.html
2025-06-12 21:05:15.620 [http-nio-8099-exec-10] DEBUG priv.jesse.mall.filter.AuthorizationFilter - Request URL: http://localhost:8099/mall/layui/css/layui.css
2025-06-12 21:05:15.620 [http-nio-8099-exec-1] DEBUG priv.jesse.mall.filter.AuthorizationFilter - Request URL: http://localhost:8099/mall/css/font-awesome.min.css
2025-06-12 21:05:15.620 [http-nio-8099-exec-10] DEBUG priv.jesse.mall.filter.AuthorizationFilter - Allowing static resource: http://localhost:8099/mall/layui/css/layui.css
2025-06-12 21:05:15.620 [http-nio-8099-exec-1] DEBUG priv.jesse.mall.filter.AuthorizationFilter - Allowing static resource: http://localhost:8099/mall/css/font-awesome.min.css
2025-06-12 21:05:15.620 [http-nio-8099-exec-9] DEBUG priv.jesse.mall.filter.AuthorizationFilter - Request URL: http://localhost:8099/mall/css/common.css
2025-06-12 21:05:15.620 [http-nio-8099-exec-9] DEBUG priv.jesse.mall.filter.AuthorizationFilter - Allowing static resource: http://localhost:8099/mall/css/common.css
2025-06-12 21:05:15.621 [http-nio-8099-exec-3] DEBUG priv.jesse.mall.filter.AuthorizationFilter - Request URL: http://localhost:8099/mall/layui/jquery-3.2.1.min.js
2025-06-12 21:05:15.621 [http-nio-8099-exec-3] DEBUG priv.jesse.mall.filter.AuthorizationFilter - Allowing static resource: http://localhost:8099/mall/layui/jquery-3.2.1.min.js
2025-06-12 21:05:15.622 [http-nio-8099-exec-6] DEBUG priv.jesse.mall.filter.AuthorizationFilter - Request URL: http://localhost:8099/mall/layui/layui.js
2025-06-12 21:05:15.622 [http-nio-8099-exec-6] DEBUG priv.jesse.mall.filter.AuthorizationFilter - Allowing static resource: http://localhost:8099/mall/layui/layui.js
2025-06-12 21:05:15.666 [http-nio-8099-exec-4] DEBUG priv.jesse.mall.filter.AuthorizationFilter - Request URL: http://localhost:8099/mall/layui/lay/modules/layer.js
2025-06-12 21:05:15.666 [http-nio-8099-exec-4] DEBUG priv.jesse.mall.filter.AuthorizationFilter - Allowing static resource: http://localhost:8099/mall/layui/lay/modules/layer.js
2025-06-12 21:05:15.668 [http-nio-8099-exec-2] DEBUG priv.jesse.mall.filter.AuthorizationFilter - Request URL: http://localhost:8099/mall/image/logo.png
2025-06-12 21:05:15.668 [http-nio-8099-exec-2] DEBUG priv.jesse.mall.filter.AuthorizationFilter - Allowing static resource: http://localhost:8099/mall/image/logo.png
2025-06-12 21:05:15.671 [http-nio-8099-exec-8] DEBUG priv.jesse.mall.filter.AuthorizationFilter - Request URL: http://localhost:8099/mall/admin/classification/list.do
2025-06-12 21:05:15.671 [http-nio-8099-exec-8] DEBUG priv.jesse.mall.filter.AuthorizationFilter - Allowing public endpoint: http://localhost:8099/mall/admin/classification/list.do
2025-06-12 21:05:15.687 [http-nio-8099-exec-7] DEBUG priv.jesse.mall.filter.AuthorizationFilter - Request URL: http://localhost:8099/mall/layui/css/modules/layer/default/layer.css
2025-06-12 21:05:15.687 [http-nio-8099-exec-7] DEBUG priv.jesse.mall.filter.AuthorizationFilter - Allowing static resource: http://localhost:8099/mall/layui/css/modules/layer/default/layer.css
2025-06-12 21:05:15.690 [http-nio-8099-exec-5] DEBUG priv.jesse.mall.filter.AuthorizationFilter - Request URL: http://localhost:8099/mall/layui/lay/modules/element.js
2025-06-12 21:05:15.690 [http-nio-8099-exec-5] DEBUG priv.jesse.mall.filter.AuthorizationFilter - Allowing static resource: http://localhost:8099/mall/layui/lay/modules/element.js
2025-06-12 21:05:15.692 [http-nio-8099-exec-1] DEBUG priv.jesse.mall.filter.AuthorizationFilter - Request URL: http://localhost:8099/mall/product/hot.do
2025-06-12 21:05:15.692 [http-nio-8099-exec-1] DEBUG priv.jesse.mall.filter.AuthorizationFilter - Allowing public endpoint: http://localhost:8099/mall/product/hot.do
2025-06-12 21:05:15.692 [http-nio-8099-exec-10] DEBUG priv.jesse.mall.filter.AuthorizationFilter - Request URL: http://localhost:8099/mall/product/new.do
2025-06-12 21:05:15.692 [http-nio-8099-exec-10] DEBUG priv.jesse.mall.filter.AuthorizationFilter - Allowing public endpoint: http://localhost:8099/mall/product/new.do
2025-06-12 21:05:15.774 [http-nio-8099-exec-3] DEBUG priv.jesse.mall.filter.AuthorizationFilter - Request URL: http://localhost:8099/mall/admin/product/img/CD485B2BBA9D84B67B968774CC9AD9.png
2025-06-12 21:05:15.774 [http-nio-8099-exec-6] DEBUG priv.jesse.mall.filter.AuthorizationFilter - Request URL: http://localhost:8099/mall/admin/product/img/FC021339333B87F2899DC640822329.png
2025-06-12 21:05:15.774 [http-nio-8099-exec-9] DEBUG priv.jesse.mall.filter.AuthorizationFilter - Request URL: http://localhost:8099/mall/admin/product/img/EAE77304321D3B291FB04416251EE7.png
2025-06-12 21:05:15.774 [http-nio-8099-exec-3] DEBUG priv.jesse.mall.filter.AuthorizationFilter - Allowing public endpoint: http://localhost:8099/mall/admin/product/img/CD485B2BBA9D84B67B968774CC9AD9.png
2025-06-12 21:05:15.774 [http-nio-8099-exec-9] DEBUG priv.jesse.mall.filter.AuthorizationFilter - Allowing public endpoint: http://localhost:8099/mall/admin/product/img/EAE77304321D3B291FB04416251EE7.png
2025-06-12 21:05:15.774 [http-nio-8099-exec-6] DEBUG priv.jesse.mall.filter.AuthorizationFilter - Allowing public endpoint: http://localhost:8099/mall/admin/product/img/FC021339333B87F2899DC640822329.png
2025-06-12 21:05:28.626 [http-nio-8099-exec-2] DEBUG priv.jesse.mall.filter.AuthorizationFilter - Request URL: http://localhost:8099/mall/product/new.do
2025-06-12 21:05:28.626 [http-nio-8099-exec-2] DEBUG priv.jesse.mall.filter.AuthorizationFilter - Allowing public endpoint: http://localhost:8099/mall/product/new.do
2025-06-12 21:05:28.627 [http-nio-8099-exec-4] DEBUG priv.jesse.mall.filter.AuthorizationFilter - Request URL: http://localhost:8099/mall/layui/css/modules/layer/default/loading-0.gif
2025-06-12 21:05:28.627 [http-nio-8099-exec-4] DEBUG priv.jesse.mall.filter.AuthorizationFilter - Allowing static resource: http://localhost:8099/mall/layui/css/modules/layer/default/loading-0.gif
2025-06-12 21:05:55.799 [Thread-27] INFO  com.alibaba.druid.pool.DruidDataSource - {dataSource-1} closed
